<?xml version="1.0" encoding="UTF-8"?>
<!-- Generated by org.testng.reporters.JUnitXMLReporter -->
<testsuite hostname="Shona" ignored="0" name="Free CRM App Test Cases" tests="4" failures="0" timestamp="06 Feb 2018 18:24:48 GMT" time="48.626" errors="0">
  <testcase name="validateLoginPageTitleTest" time="0.182" classname="com.qa.test.LoginPageTest"/>
  <testcase name="validateCRMLogo" time="1.172" classname="com.qa.test.LoginPageTest"/>
  <testcase name="loginTest" time="11.805" classname="com.qa.test.LoginPageTest"/>
  <testcase name="validatesignUpBtnTest" time="0.003" classname="com.qa.test.LoginPageTest"/>
</testsuite> <!-- Free CRM App Test Cases -->
