<?xml version="1.0" encoding="UTF-8"?>
<!-- Generated by org.testng.reporters.JUnitXMLReporter -->
<testsuite hostname="Shona" ignored="0" name="Default test" tests="4" failures="0" timestamp="06 Feb 2018 20:24:28 GMT" time="50.144" errors="0">
  <testcase name="validateLoginPageTitleTest" time="0.153" classname="com.qa.test.LoginPageTest"/>
  <testcase name="validateCRMLogo" time="1.564" classname="com.qa.test.LoginPageTest"/>
  <testcase name="loginTest" time="15.188" classname="com.qa.test.LoginPageTest"/>
  <testcase name="validatesignUpBtnTest" time="0.001" classname="com.qa.test.LoginPageTest"/>
</testsuite> <!-- Default test -->
