<?xml version="1.0" encoding="UTF-8"?>
<!-- Generated by org.testng.reporters.JUnitXMLReporter -->
<testsuite hostname="Shona" ignored="0" name="Command line test" tests="12" failures="0" timestamp="06 Feb 2018 21:13:42 GMT" time="370.095" errors="0">
  <testcase name="verifyContactPageLabel" time="1.157" classname="com.qa.test.ContactsPageTest"/>
  <testcase name="validateHomePageTitleTest" time="0.141" classname="com.qa.test.HomePageTest"/>
  <testcase name="validateLoginPageTitleTest" time="0.108" classname="com.qa.test.LoginPageTest"/>
  <testcase name="validateSelectContactbyName" time="0.599" classname="com.qa.test.ContactsPageTest"/>
  <testcase name="verifyCorrectUserNameTest" time="3.361" classname="com.qa.test.HomePageTest"/>
  <testcase name="validateCRMLogo" time="1.171" classname="com.qa.test.LoginPageTest"/>
  <testcase name="validateNewcontacts" time="27.574" classname="com.qa.test.ContactsPageTest"/>
  <testcase name="validateNewcontacts" time="3.3" classname="com.qa.test.ContactsPageTest"/>
  <testcase name="validateNewcontacts" time="23.237" classname="com.qa.test.ContactsPageTest"/>
  <testcase name="clickOnContactsPageLink" time="7.515" classname="com.qa.test.HomePageTest"/>
  <testcase name="loginTest" time="13.673" classname="com.qa.test.LoginPageTest"/>
  <testcase name="validatesignUpBtnTest" time="0.001" classname="com.qa.test.LoginPageTest"/>
</testsuite> <!-- Command line test -->
